
*** Running vivado
    with args -log Add_Sub_unit.vds -m64 -product Vivado -mode batch -messageDb vivado.pb -notrace -source Add_Sub_unit.tcl


****** Vivado v2018.2 (64-bit)
  **** SW Build 2258646 on Thu Jun 14 20:03:12 MDT 2018
  **** IP Build 2256618 on Thu Jun 14 22:10:49 MDT 2018
    ** Copyright 1986-2018 Xilinx, Inc. All Rights Reserved.

source Add_Sub_unit.tcl -notrace
Command: synth_design -top Add_Sub_unit -part xc7a35tcpg236-1
Starting synth_design
Attempting to get a license for feature 'Synthesis' and/or device 'xc7a35t'
INFO: [Common 17-349] Got license for feature 'Synthesis' and/or device 'xc7a35t'
INFO: Launching helper process for spawning children vivado processes
INFO: Helper process launched with PID 11752 
---------------------------------------------------------------------------------
Starting Synthesize : Time (s): cpu = 00:00:05 ; elapsed = 00:00:06 . Memory (MB): peak = 356.363 ; gain = 98.965
---------------------------------------------------------------------------------
INFO: [Synth 8-638] synthesizing module 'Add_Sub_unit' [C:/4_bit_Add_Sub/Final Project/Final Project.srcs/sources_1/imports/4_bit_Add_Sub/Add_Sub_unit.vhd:16]
INFO: [Synth 8-3491] module 'FA' declared at 'C:/4_bit_Add_Sub/Final Project/Final Project.srcs/sources_1/imports/4_bit_Add_Sub/FA.vhd:4' bound to instance 'FA_0' of component 'FA' [C:/4_bit_Add_Sub/Final Project/Final Project.srcs/sources_1/imports/4_bit_Add_Sub/Add_Sub_unit.vhd:36]
INFO: [Synth 8-638] synthesizing module 'FA' [C:/4_bit_Add_Sub/Final Project/Final Project.srcs/sources_1/imports/4_bit_Add_Sub/FA.vhd:12]
INFO: [Synth 8-3491] module 'HA' declared at 'C:/4_bit_Add_Sub/Final Project/Final Project.srcs/sources_1/imports/4_bit_Add_Sub/HA.vhd:4' bound to instance 'HA_0' of component 'HA' [C:/4_bit_Add_Sub/Final Project/Final Project.srcs/sources_1/imports/4_bit_Add_Sub/FA.vhd:25]
INFO: [Synth 8-638] synthesizing module 'HA' [C:/4_bit_Add_Sub/Final Project/Final Project.srcs/sources_1/imports/4_bit_Add_Sub/HA.vhd:11]
INFO: [Synth 8-256] done synthesizing module 'HA' (1#1) [C:/4_bit_Add_Sub/Final Project/Final Project.srcs/sources_1/imports/4_bit_Add_Sub/HA.vhd:11]
INFO: [Synth 8-3491] module 'HA' declared at 'C:/4_bit_Add_Sub/Final Project/Final Project.srcs/sources_1/imports/4_bit_Add_Sub/HA.vhd:4' bound to instance 'HA_1' of component 'HA' [C:/4_bit_Add_Sub/Final Project/Final Project.srcs/sources_1/imports/4_bit_Add_Sub/FA.vhd:32]
INFO: [Synth 8-256] done synthesizing module 'FA' (2#1) [C:/4_bit_Add_Sub/Final Project/Final Project.srcs/sources_1/imports/4_bit_Add_Sub/FA.vhd:12]
INFO: [Synth 8-3491] module 'FA' declared at 'C:/4_bit_Add_Sub/Final Project/Final Project.srcs/sources_1/imports/4_bit_Add_Sub/FA.vhd:4' bound to instance 'FA_1' of component 'FA' [C:/4_bit_Add_Sub/Final Project/Final Project.srcs/sources_1/imports/4_bit_Add_Sub/Add_Sub_unit.vhd:44]
INFO: [Synth 8-3491] module 'FA' declared at 'C:/4_bit_Add_Sub/Final Project/Final Project.srcs/sources_1/imports/4_bit_Add_Sub/FA.vhd:4' bound to instance 'FA_2' of component 'FA' [C:/4_bit_Add_Sub/Final Project/Final Project.srcs/sources_1/imports/4_bit_Add_Sub/Add_Sub_unit.vhd:52]
INFO: [Synth 8-3491] module 'FA' declared at 'C:/4_bit_Add_Sub/Final Project/Final Project.srcs/sources_1/imports/4_bit_Add_Sub/FA.vhd:4' bound to instance 'FA_3' of component 'FA' [C:/4_bit_Add_Sub/Final Project/Final Project.srcs/sources_1/imports/4_bit_Add_Sub/Add_Sub_unit.vhd:60]
INFO: [Synth 8-256] done synthesizing module 'Add_Sub_unit' (3#1) [C:/4_bit_Add_Sub/Final Project/Final Project.srcs/sources_1/imports/4_bit_Add_Sub/Add_Sub_unit.vhd:16]
---------------------------------------------------------------------------------
Finished Synthesize : Time (s): cpu = 00:00:06 ; elapsed = 00:00:08 . Memory (MB): peak = 411.363 ; gain = 153.965
---------------------------------------------------------------------------------
---------------------------------------------------------------------------------
Finished Constraint Validation : Time (s): cpu = 00:00:07 ; elapsed = 00:00:08 . Memory (MB): peak = 411.363 ; gain = 153.965
---------------------------------------------------------------------------------
---------------------------------------------------------------------------------
Start Loading Part and Timing Information
---------------------------------------------------------------------------------
Loading part: xc7a35tcpg236-1
---------------------------------------------------------------------------------
INFO: [Device 21-403] Loading part xc7a35tcpg236-1
Finished Loading Part and Timing Information : Time (s): cpu = 00:00:07 ; elapsed = 00:00:08 . Memory (MB): peak = 411.363 ; gain = 153.965
---------------------------------------------------------------------------------
---------------------------------------------------------------------------------
Finished RTL Optimization Phase 2 : Time (s): cpu = 00:00:07 ; elapsed = 00:00:09 . Memory (MB): peak = 411.363 ; gain = 153.965
---------------------------------------------------------------------------------

Report RTL Partitions: 
+-+--------------+------------+----------+
| |RTL Partition |Replication |Instances |
+-+--------------+------------+----------+
+-+--------------+------------+----------+
No constraint files found.
---------------------------------------------------------------------------------
Start RTL Component Statistics 
---------------------------------------------------------------------------------
Detailed RTL Component Info : 
+---XORs : 
	   2 Input      1 Bit         XORs := 12    
---------------------------------------------------------------------------------
Finished RTL Component Statistics 
---------------------------------------------------------------------------------
---------------------------------------------------------------------------------
Start RTL Hierarchical Component Statistics 
---------------------------------------------------------------------------------
Hierarchical RTL Component report 
Module Add_Sub_unit 
Detailed RTL Component Info : 
+---XORs : 
	   2 Input      1 Bit         XORs := 4     
Module HA 
Detailed RTL Component Info : 
+---XORs : 
	   2 Input      1 Bit         XORs := 1     
---------------------------------------------------------------------------------
Finished RTL Hierarchical Component Statistics
---------------------------------------------------------------------------------
---------------------------------------------------------------------------------
Start Part Resource Summary
---------------------------------------------------------------------------------
Part Resources:
DSPs: 90 (col length:60)
BRAMs: 100 (col length: RAMB18 60 RAMB36 30)
---------------------------------------------------------------------------------
Finished Part Resource Summary
---------------------------------------------------------------------------------
No constraint files found.
---------------------------------------------------------------------------------
Start Cross Boundary and Area Optimization
---------------------------------------------------------------------------------
Warning: Parallel synthesis criteria is not met 
---------------------------------------------------------------------------------
Finished Cross Boundary and Area Optimization : Time (s): cpu = 00:00:14 ; elapsed = 00:00:18 . Memory (MB): peak = 540.871 ; gain = 283.473
---------------------------------------------------------------------------------

Report RTL Partitions: 
+-+--------------+------------+----------+
| |RTL Partition |Replication |Instances |
+-+--------------+------------+----------+
+-+--------------+------------+----------+
No constraint files found.
---------------------------------------------------------------------------------
Start Timing Optimization
---------------------------------------------------------------------------------
---------------------------------------------------------------------------------
Finished Timing Optimization : Time (s): cpu = 00:00:14 ; elapsed = 00:00:18 . Memory (MB): peak = 540.871 ; gain = 283.473
---------------------------------------------------------------------------------

Report RTL Partitions: 
+-+--------------+------------+----------+
| |RTL Partition |Replication |Instances |
+-+--------------+------------+----------+
+-+--------------+------------+----------+
---------------------------------------------------------------------------------
Start Technology Mapping
---------------------------------------------------------------------------------
---------------------------------------------------------------------------------
Finished Technology Mapping : Time (s): cpu = 00:00:14 ; elapsed = 00:00:18 . Memory (MB): peak = 540.871 ; gain = 283.473
---------------------------------------------------------------------------------

Report RTL Partitions: 
+-+--------------+------------+----------+
| |RTL Partition |Replication |Instances |
+-+--------------+------------+----------+
+-+--------------+------------+----------+
---------------------------------------------------------------------------------
Start IO Insertion
---------------------------------------------------------------------------------
---------------------------------------------------------------------------------
Start Flattening Before IO Insertion
---------------------------------------------------------------------------------
---------------------------------------------------------------------------------
Finished Flattening Before IO Insertion
---------------------------------------------------------------------------------
---------------------------------------------------------------------------------
Start Final Netlist Cleanup
---------------------------------------------------------------------------------
---------------------------------------------------------------------------------
Finished Final Netlist Cleanup
---------------------------------------------------------------------------------
---------------------------------------------------------------------------------
Finished IO Insertion : Time (s): cpu = 00:00:16 ; elapsed = 00:00:21 . Memory (MB): peak = 540.871 ; gain = 283.473
---------------------------------------------------------------------------------

Report Check Netlist: 
+------+------------------+-------+---------+-------+------------------+
|      |Item              |Errors |Warnings |Status |Description       |
+------+------------------+-------+---------+-------+------------------+
|1     |multi_driven_nets |      0|        0|Passed |Multi driven nets |
+------+------------------+-------+---------+-------+------------------+
---------------------------------------------------------------------------------
Start Renaming Generated Instances
---------------------------------------------------------------------------------
---------------------------------------------------------------------------------
Finished Renaming Generated Instances : Time (s): cpu = 00:00:16 ; elapsed = 00:00:21 . Memory (MB): peak = 540.871 ; gain = 283.473
---------------------------------------------------------------------------------

Report RTL Partitions: 
+-+--------------+------------+----------+
| |RTL Partition |Replication |Instances |
+-+--------------+------------+----------+
+-+--------------+------------+----------+
---------------------------------------------------------------------------------
Start Rebuilding User Hierarchy
---------------------------------------------------------------------------------
---------------------------------------------------------------------------------
Finished Rebuilding User Hierarchy : Time (s): cpu = 00:00:16 ; elapsed = 00:00:21 . Memory (MB): peak = 540.871 ; gain = 283.473
---------------------------------------------------------------------------------
---------------------------------------------------------------------------------
Start Renaming Generated Ports
---------------------------------------------------------------------------------
---------------------------------------------------------------------------------
Finished Renaming Generated Ports : Time (s): cpu = 00:00:16 ; elapsed = 00:00:21 . Memory (MB): peak = 540.871 ; gain = 283.473
---------------------------------------------------------------------------------
---------------------------------------------------------------------------------
Start Handling Custom Attributes
---------------------------------------------------------------------------------
---------------------------------------------------------------------------------
Finished Handling Custom Attributes : Time (s): cpu = 00:00:16 ; elapsed = 00:00:21 . Memory (MB): peak = 540.871 ; gain = 283.473
---------------------------------------------------------------------------------
---------------------------------------------------------------------------------
Start Renaming Generated Nets
---------------------------------------------------------------------------------
---------------------------------------------------------------------------------
Finished Renaming Generated Nets : Time (s): cpu = 00:00:16 ; elapsed = 00:00:21 . Memory (MB): peak = 540.871 ; gain = 283.473
---------------------------------------------------------------------------------
---------------------------------------------------------------------------------
Start Writing Synthesis Report
---------------------------------------------------------------------------------

Report BlackBoxes: 
+-+--------------+----------+
| |BlackBox name |Instances |
+-+--------------+----------+
+-+--------------+----------+

Report Cell Usage: 
+------+-----+------+
|      |Cell |Count |
+------+-----+------+
|1     |LUT2 |     3|
|2     |LUT4 |     1|
|3     |LUT5 |     3|
|4     |LUT6 |     5|
|5     |IBUF |     9|
|6     |OBUF |     8|
+------+-----+------+

Report Instance Areas: 
+------+---------+-------+------+
|      |Instance |Module |Cells |
+------+---------+-------+------+
|1     |top      |       |    29|
+------+---------+-------+------+
---------------------------------------------------------------------------------
Finished Writing Synthesis Report : Time (s): cpu = 00:00:16 ; elapsed = 00:00:21 . Memory (MB): peak = 540.871 ; gain = 283.473
---------------------------------------------------------------------------------
Synthesis finished with 0 errors, 0 critical warnings and 0 warnings.
Synthesis Optimization Runtime : Time (s): cpu = 00:00:17 ; elapsed = 00:00:21 . Memory (MB): peak = 540.871 ; gain = 283.473
Synthesis Optimization Complete : Time (s): cpu = 00:00:17 ; elapsed = 00:00:21 . Memory (MB): peak = 540.871 ; gain = 283.473
INFO: [Project 1-571] Translating synthesized netlist
INFO: [Netlist 29-17] Analyzing 9 Unisim elements for replacement
INFO: [Netlist 29-28] Unisim Transformation completed in 0 CPU seconds
INFO: [Project 1-570] Preparing netlist for logic optimization
INFO: [Opt 31-138] Pushed 0 inverter(s) to 0 load pin(s).
INFO: [Project 1-111] Unisim Transformation Summary:
No Unisim elements were transformed.

INFO: [Common 17-83] Releasing license: Synthesis
21 Infos, 0 Warnings, 0 Critical Warnings and 0 Errors encountered.
synth_design completed successfully
synth_design: Time (s): cpu = 00:00:23 ; elapsed = 00:00:30 . Memory (MB): peak = 639.043 ; gain = 394.566
WARNING: [Constraints 18-5210] No constraint will be written out.
INFO: [Common 17-1381] The checkpoint 'C:/4_bit_Add_Sub/Final Project/Final Project.runs/synth_1/Add_Sub_unit.dcp' has been generated.
INFO: [runtcl-4] Executing : report_utilization -file Add_Sub_unit_utilization_synth.rpt -pb Add_Sub_unit_utilization_synth.pb
report_utilization: Time (s): cpu = 00:00:00 ; elapsed = 00:00:00.132 . Memory (MB): peak = 639.043 ; gain = 0.000
INFO: [Common 17-206] Exiting Vivado at Mon Apr  5 23:52:10 2021...
