#-----------------------------------------------------------
# Vivado v2018.2 (64-bit)
# SW Build 2258646 on Thu Jun 14 20:03:12 MDT 2018
# IP Build 2256618 on Thu Jun 14 22:10:49 MDT 2018
# Start of session at: Mon May  3 13:41:25 2021
# Process ID: 11684
# Current directory: C:/Users/NBA/Pictures/New folder/NanoProcessorFinal/Final_Project/Fianl_Projact
# Command line: vivado.exe -gui_launcher_event rodinguilauncherevent12300 C:\Users\NBA\Pictures\New folder\NanoProcessorFinal\Final_Project\Fianl_Projact\Fianl_Projact.xpr
# Log file: C:/Users/NBA/Pictures/New folder/NanoProcessorFinal/Final_Project/Fianl_Projact/vivado.log
# Journal file: C:/Users/NBA/Pictures/New folder/NanoProcessorFinal/Final_Project/Fianl_Projact\vivado.jou
#-----------------------------------------------------------
start_gui
open_project {C:/Users/NBA/Pictures/New folder/NanoProcessorFinal/Final_Project/Fianl_Projact/Fianl_Projact.xpr}
Scanning sources...
Finished scanning sources
INFO: [IP_Flow 19-234] Refreshing IP repositories
INFO: [IP_Flow 19-1704] No user IP repositories specified
INFO: [IP_Flow 19-2313] Loaded Vivado IP repository 'C:/Xilinx/Vivado/2018.2/data/ip'.
open_project: Time (s): cpu = 00:00:18 ; elapsed = 00:00:09 . Memory (MB): peak = 839.027 ; gain = 124.660
update_compile_order -fileset sources_1
launch_simulation
INFO: [Vivado 12-5682] Launching behavioral simulation in 'C:/Users/NBA/Pictures/New folder/NanoProcessorFinal/Final_Project/Fianl_Projact/Fianl_Projact.sim/sim_1/behav/xsim'
INFO: [SIM-utils-51] Simulation object is 'sim_1'
INFO: [SIM-utils-54] Inspecting design source files for 'NanoProcessor_sim' in fileset 'sim_1'...
INFO: [USF-XSim-97] Finding global include files...
INFO: [USF-XSim-98] Fetching design files from 'sim_1'...
INFO: [USF-XSim-2] XSim::Compile design
INFO: [USF-XSim-61] Executing 'COMPILE and ANALYZE' step in 'C:/Users/NBA/Pictures/New folder/NanoProcessorFinal/Final_Project/Fianl_Projact/Fianl_Projact.sim/sim_1/behav/xsim'
"xvhdl --incr --relax -prj NanoProcessor_sim_vhdl.prj"
INFO: [USF-XSim-69] 'compile' step finished in '2' seconds
INFO: [USF-XSim-3] XSim::Elaborate design
INFO: [USF-XSim-61] Executing 'ELABORATE' step in 'C:/Users/NBA/Pictures/New folder/NanoProcessorFinal/Final_Project/Fianl_Projact/Fianl_Projact.sim/sim_1/behav/xsim'
Vivado Simulator 2018.2
Copyright 1986-1999, 2001-2018 Xilinx, Inc. All Rights Reserved.
Running: C:/Xilinx/Vivado/2018.2/bin/unwrapped/win64.o/xelab.exe -wto 3979bdd0f97246b59bfc8905bb43a93d --incr --debug typical --relax --mt 2 -L xil_defaultlib -L secureip --snapshot NanoProcessor_sim_behav xil_defaultlib.NanoProcessor_sim -log elaborate.log 
Using 2 slave threads.
Starting static elaboration
Completed static elaboration
INFO: [XSIM 43-4323] No Change in HDL. Linking previously generated obj files to create kernel
INFO: [USF-XSim-69] 'elaborate' step finished in '3' seconds
INFO: [USF-XSim-4] XSim::Simulate design
INFO: [USF-XSim-61] Executing 'SIMULATE' step in 'C:/Users/NBA/Pictures/New folder/NanoProcessorFinal/Final_Project/Fianl_Projact/Fianl_Projact.sim/sim_1/behav/xsim'
INFO: [USF-XSim-98] *** Running xsim
   with args "NanoProcessor_sim_behav -key {Behavioral:sim_1:Functional:NanoProcessor_sim} -tclbatch {NanoProcessor_sim.tcl} -log {simulate.log}"
INFO: [USF-XSim-8] Loading simulator feature
Vivado Simulator 2018.2
Time resolution is 1 ps
source NanoProcessor_sim.tcl
# set curr_wave [current_wave_config]
# if { [string length $curr_wave] == 0 } {
#   if { [llength [get_objects]] > 0} {
#     add_wave /
#     set_property needs_save false [current_wave_config]
#   } else {
#      send_msg_id Add_Wave-1 WARNING "No top level signals found. Simulator will start without a wave window. If you want to open a wave window go to 'File->New Waveform Configuration' or type 'create_wave_config' in the TCL console."
#   }
# }
# run 800ns
INFO: [USF-XSim-96] XSim completed. Design snapshot 'NanoProcessor_sim_behav' loaded.
INFO: [USF-XSim-97] XSim simulation ran for 800ns
launch_simulation: Time (s): cpu = 00:00:10 ; elapsed = 00:00:09 . Memory (MB): peak = 867.543 ; gain = 3.465
reset_run impl_1 -prev_step 
launch_runs impl_1 -to_step write_bitstream -jobs 2
[Mon May  3 13:42:48 2021] Launched impl_1...
Run output will be captured here: C:/Users/NBA/Pictures/New folder/NanoProcessorFinal/Final_Project/Fianl_Projact/Fianl_Projact.runs/impl_1/runme.log
close_sim
INFO: [Simtcl 6-16] Simulation closed
exit
INFO: [Common 17-206] Exiting Vivado at Mon May  3 13:55:09 2021...
