#-----------------------------------------------------------
# Vivado v2018.2 (64-bit)
# SW Build 2258646 on Thu Jun 14 20:03:12 MDT 2018
# IP Build 2256618 on Thu Jun 14 22:10:49 MDT 2018
# Start of session at: Wed Apr  7 15:45:51 2021
# Process ID: 5712
# Current directory: C:/Users/User/Documents/GitHub/NanoProcessor/Final_Project/Fianl_Projact
# Command line: vivado.exe -gui_launcher_event rodinguilauncherevent12028 C:\Users\User\Documents\GitHub\NanoProcessor\Final_Project\Fianl_Projact\Fianl_Projact.xpr
# Log file: C:/Users/User/Documents/GitHub/NanoProcessor/Final_Project/Fianl_Projact/vivado.log
# Journal file: C:/Users/User/Documents/GitHub/NanoProcessor/Final_Project/Fianl_Projact\vivado.jou
#-----------------------------------------------------------
start_gui
open_project C:/Users/User/Documents/GitHub/NanoProcessor/Final_Project/Fianl_Projact/Fianl_Projact.xpr
INFO: [Project 1-313] Project file moved from 'C:/Users/User/Documents/GitHub/Final_Project/Fianl_Projact' since last save.
Scanning sources...
Finished scanning sources
INFO: [IP_Flow 19-234] Refreshing IP repositories
INFO: [IP_Flow 19-1704] No user IP repositories specified
INFO: [IP_Flow 19-2313] Loaded Vivado IP repository 'C:/Xilinx/Vivado/2018.2/data/ip'.
open_project: Time (s): cpu = 00:00:22 ; elapsed = 00:00:15 . Memory (MB): peak = 773.152 ; gain = 44.887
file mkdir C:/Users/User/Documents/GitHub/NanoProcessor/Final_Project/Fianl_Projact/Fianl_Projact.srcs/sources_1/new
close [ open C:/Users/User/Documents/GitHub/NanoProcessor/Final_Project/Fianl_Projact/Fianl_Projact.srcs/sources_1/new/NanoProcessor.vhd w ]
add_files C:/Users/User/Documents/GitHub/NanoProcessor/Final_Project/Fianl_Projact/Fianl_Projact.srcs/sources_1/new/NanoProcessor.vhd
update_compile_order -fileset sources_1
exit
INFO: [Common 17-206] Exiting Vivado at Wed Apr  7 16:04:55 2021...
